<?xml version="1.0" encoding="UTF-8"?>
<!-- Generated by org.testng.reporters.JUnitXMLReporter -->
<testsuite ignored="2" hostname="Oprekin-PC" failures="0" tests="5" name="TestNG" time="45.567" errors="0" timestamp="2022-03-19T09:53:00 IST">
  <testcase classname="testcases.LoginTest" name="ExternalDataTest" time="7.704"/>
  <testcase classname="testcases.LoginTest" name="LoginFailiureTest" time="8.253"/>
  <testcase classname="testcases.LoginTest" name="LoginSuccessTest" time="6.692"/>
  <testcase classname="testcases.LoginTest" name="ParameterizedTest" time="6.007"/>
  <testcase classname="testcases.HomeTest" name="test1" time="0.001"/>
  <testcase classname="testcases.BaseClass" name="@AfterTest DataTearDown" time="0.0">
    <ignored/>
  </testcase> <!-- @AfterTest DataTearDown -->
  <testcase classname="testcases.BaseClass" name="@BeforeTest DataSetUP" time="0.0">
    <ignored/>
  </testcase> <!-- @BeforeTest DataSetUP -->
</testsuite> <!-- TestNG -->
