<?xml version="1.0" encoding="UTF-8"?>
<!-- Generated by org.testng.reporters.JUnitXMLReporter -->
<testsuite hostname="Oprekin-PC" ignored="2" name="TestNG" tests="5" failures="0" timestamp="2022-03-19T12:11:07 IST" time="71.518" errors="0">
  <testcase name="ExternalDataTest" time="13.332" classname="testcases.LoginTest"/>
  <testcase name="LoginFailiureTest" time="9.838" classname="testcases.LoginTest"/>
  <testcase name="LoginSuccessTest" time="9.171" classname="testcases.LoginTest"/>
  <testcase name="ParameterizedTest" time="14.271" classname="testcases.LoginTest"/>
  <testcase name="test1" time="0.0" classname="testcases.HomeTest"/>
  <testcase name="@BeforeTest DataSetUP" time="0.0" classname="testcases.BaseClass">
    <ignored/>
  </testcase> <!-- @BeforeTest DataSetUP -->
  <testcase name="@AfterTest DataTearDown" time="0.0" classname="testcases.BaseClass">
    <ignored/>
  </testcase> <!-- @AfterTest DataTearDown -->
</testsuite> <!-- TestNG -->
