<?xml version="1.0" encoding="UTF-8"?>
<testng-results ignored="2" total="7" passed="5" failed="0" skipped="0">
  <reporter-output>
  </reporter-output>
  <suite started-at="2022-03-19T09:52:15 IST" name="Suite" finished-at="2022-03-19T09:53:00 IST" duration-ms="45567">
    <groups>
    </groups>
    <test started-at="2022-03-19T09:52:15 IST" name="TestNG" finished-at="2022-03-19T09:53:00 IST" duration-ms="45567">
      <class name="testcases.HomeTest">
        <test-method is-config="true" signature="SetUp(java.lang.reflect.Method)[pri:0, instance:testcases.HomeTest@4fb3ee4e]" started-at="2022-03-19T09:52:57 IST" name="SetUp" finished-at="2022-03-19T09:53:00 IST" duration-ms="2498" status="PASS">
          <params>
            <param index="0">
              <value>
                <![CDATA[public void testcases.HomeTest.test1()]]>
              </value>
            </param>
          </params>
          <reporter-output>
          </reporter-output>
        </test-method> <!-- SetUp -->
        <test-method signature="test1()[pri:0, instance:testcases.HomeTest@4fb3ee4e]" started-at="2022-03-19T09:53:00 IST" name="test1" finished-at="2022-03-19T09:53:00 IST" duration-ms="1" status="PASS">
          <reporter-output>
          </reporter-output>
        </test-method> <!-- test1 -->
        <test-method is-config="true" signature="TearDown()[pri:0, instance:testcases.HomeTest@4fb3ee4e]" started-at="2022-03-19T09:53:00 IST" name="TearDown" finished-at="2022-03-19T09:53:00 IST" duration-ms="104" status="PASS">
          <reporter-output>
          </reporter-output>
        </test-method> <!-- TearDown -->
      </class> <!-- testcases.HomeTest -->
      <class name="testcases.LoginTest">
        <test-method is-config="true" signature="DataSetUP()[pri:0, instance:testcases.LoginTest@4738a206]" started-at="2022-03-19T09:52:15 IST" name="DataSetUP" finished-at="2022-03-19T09:52:16 IST" duration-ms="951" status="PASS">
          <reporter-output>
          </reporter-output>
        </test-method> <!-- DataSetUP -->
        <test-method is-config="true" signature="SetUp(java.lang.reflect.Method)[pri:0, instance:testcases.LoginTest@4738a206]" started-at="2022-03-19T09:52:16 IST" name="SetUp" finished-at="2022-03-19T09:52:20 IST" duration-ms="4289" status="PASS">
          <params>
            <param index="0">
              <value>
                <![CDATA[public void testcases.LoginTest.ExternalDataTest()]]>
              </value>
            </param>
          </params>
          <reporter-output>
          </reporter-output>
        </test-method> <!-- SetUp -->
        <test-method signature="ExternalDataTest()[pri:0, instance:testcases.LoginTest@4738a206]" started-at="2022-03-19T09:52:20 IST" name="ExternalDataTest" finished-at="2022-03-19T09:52:28 IST" duration-ms="7704" status="PASS">
          <reporter-output>
          </reporter-output>
        </test-method> <!-- ExternalDataTest -->
        <test-method is-config="true" signature="TearDown()[pri:0, instance:testcases.LoginTest@4738a206]" started-at="2022-03-19T09:52:28 IST" name="TearDown" finished-at="2022-03-19T09:52:28 IST" duration-ms="117" status="PASS">
          <reporter-output>
          </reporter-output>
        </test-method> <!-- TearDown -->
        <test-method is-config="true" signature="SetUp(java.lang.reflect.Method)[pri:0, instance:testcases.LoginTest@4738a206]" started-at="2022-03-19T09:52:28 IST" name="SetUp" finished-at="2022-03-19T09:52:31 IST" duration-ms="2740" status="PASS">
          <params>
            <param index="0">
              <value>
                <![CDATA[public void testcases.LoginTest.LoginFailiureTest()]]>
              </value>
            </param>
          </params>
          <reporter-output>
          </reporter-output>
        </test-method> <!-- SetUp -->
        <test-method signature="LoginFailiureTest()[pri:0, instance:testcases.LoginTest@4738a206]" started-at="2022-03-19T09:52:31 IST" name="LoginFailiureTest" finished-at="2022-03-19T09:52:39 IST" duration-ms="8253" status="PASS">
          <reporter-output>
          </reporter-output>
        </test-method> <!-- LoginFailiureTest -->
        <test-method is-config="true" signature="TearDown()[pri:0, instance:testcases.LoginTest@4738a206]" started-at="2022-03-19T09:52:39 IST" name="TearDown" finished-at="2022-03-19T09:52:39 IST" duration-ms="125" status="PASS">
          <reporter-output>
          </reporter-output>
        </test-method> <!-- TearDown -->
        <test-method is-config="true" signature="SetUp(java.lang.reflect.Method)[pri:0, instance:testcases.LoginTest@4738a206]" started-at="2022-03-19T09:52:39 IST" name="SetUp" finished-at="2022-03-19T09:52:42 IST" duration-ms="2508" status="PASS">
          <params>
            <param index="0">
              <value>
                <![CDATA[public void testcases.LoginTest.LoginSuccessTest()]]>
              </value>
            </param>
          </params>
          <reporter-output>
          </reporter-output>
        </test-method> <!-- SetUp -->
        <test-method signature="LoginSuccessTest()[pri:0, instance:testcases.LoginTest@4738a206]" started-at="2022-03-19T09:52:42 IST" name="LoginSuccessTest" finished-at="2022-03-19T09:52:48 IST" duration-ms="6692" status="PASS">
          <reporter-output>
          </reporter-output>
        </test-method> <!-- LoginSuccessTest -->
        <test-method is-config="true" signature="TearDown()[pri:0, instance:testcases.LoginTest@4738a206]" started-at="2022-03-19T09:52:48 IST" name="TearDown" finished-at="2022-03-19T09:52:48 IST" duration-ms="110" status="PASS">
          <reporter-output>
          </reporter-output>
        </test-method> <!-- TearDown -->
        <test-method is-config="true" signature="SetUp(java.lang.reflect.Method)[pri:0, instance:testcases.LoginTest@4738a206]" started-at="2022-03-19T09:52:48 IST" name="SetUp" finished-at="2022-03-19T09:52:51 IST" duration-ms="2856" status="PASS">
          <params>
            <param index="0">
              <value>
                <![CDATA[public void testcases.LoginTest.ParameterizedTest(java.lang.String,java.lang.String)]]>
              </value>
            </param>
          </params>
          <reporter-output>
          </reporter-output>
        </test-method> <!-- SetUp -->
        <test-method signature="ParameterizedTest(java.lang.String,java.lang.String)[pri:0, instance:testcases.LoginTest@4738a206]" started-at="2022-03-19T09:52:51 IST" name="ParameterizedTest" finished-at="2022-03-19T09:52:57 IST" duration-ms="6007" status="PASS">
          <params>
            <param index="0">
              <value>
                <![CDATA[xyz@abc.com]]>
              </value>
            </param>
            <param index="1">
              <value>
                <![CDATA[Abc@12345]]>
              </value>
            </param>
          </params>
          <reporter-output>
          </reporter-output>
        </test-method> <!-- ParameterizedTest -->
        <test-method is-config="true" signature="TearDown()[pri:0, instance:testcases.LoginTest@4738a206]" started-at="2022-03-19T09:52:57 IST" name="TearDown" finished-at="2022-03-19T09:52:57 IST" duration-ms="148" status="PASS">
          <reporter-output>
          </reporter-output>
        </test-method> <!-- TearDown -->
        <test-method is-config="true" signature="DataTearDown()[pri:0, instance:testcases.LoginTest@4738a206]" started-at="2022-03-19T09:53:00 IST" name="DataTearDown" finished-at="2022-03-19T09:53:00 IST" duration-ms="401" status="PASS">
          <reporter-output>
          </reporter-output>
        </test-method> <!-- DataTearDown -->
      </class> <!-- testcases.LoginTest -->
    </test> <!-- TestNG -->
  </suite> <!-- Suite -->
</testng-results>
